[TOS-BOOT] GDT loaded
[TOS-BOOT] Loaded Basic Paging Tables
[TOS-BOOT] Loaded IDT
[TOS-PALLOC] Reading mbt at: 0xC0009500
[TOS-PALLOC] (Real: 0x9500) [Flags: 0x24F]
[TOS-PALLOC] Memory -> [103 Mb, 103677 Kb]
[TOS-PALLOC] Kernel End -> 0x110008 virt(0xC0110008)
[TOS-PALLOC] Reading entry r:(0x0)...Not Usable [654 Kb]
[TOS-PALLOC] Reading entry r:(0x9FC00)...Not Usable [1 Kb]
[TOS-PALLOC] Reading entry r:(0xF0000)...Not Usable [65 Kb]
[TOS-PALLOC] Reading entry r:(0x100000)...Usable [103 Mb][ADJ: 111000]
[TOS-PALLOC] Reading entry r:(0x63E0000)...Not Usable [131 Kb]
[TOS-PALLOC] Reading entry r:(0xFFFC0000)...Not Usable [262 Kb]
[TOS-PALLOC] 1 sectors usable
[TOS-PALLOC] 25312 blocks (3164 bytes, 3 Kb) ready to work on
[TOS-PALLOC] Found space for bitmap: r(0x111000)

Page directory location: 0xC010A000 -> 0xC010B000
FRAME ADDRESS: 0x111000 >0xFF800000<
[TOS-PALLOC] Final blocks 25311 (1 used by bitmap)
[TOS-BOOT] Finished Palloc
[TOS-BOOT] Basic Boot Finished
liballoc initializing.
getexp returns 16 (65536 bytes) for 100000 size
Allocating 25 pages...palloc called
Found!Allocated page table @ 0x112000
Found 25 pages
[0x0](0x0, 0x1) -> [0x113000] [0x113]
[0x1](0x0, 0x2) -> [0x114000] [0x114]
[0x2](0x0, 0x3) -> [0x115000] [0x115]
[0x3](0x0, 0x4) -> [0x116000] [0x116]
[0x4](0x0, 0x5) -> [0x117000] [0x117]
[0x5](0x0, 0x6) -> [0x118000] [0x118]
[0x6](0x0, 0x7) -> [0x119000] [0x119]
[0x7](0x0, 0x8) -> [0x11A000] [0x11A]
[0x8](0x0, 0x9) -> [0x11B000] [0x11B]
[0x9](0x0, 0xA) -> [0x11C000] [0x11C]
[0xA](0x0, 0xB) -> [0x11D000] [0x11D]
[0xB](0x0, 0xC) -> [0x11E000] [0x11E]
[0xC](0x0, 0xD) -> [0x11F000] [0x11F]
[0xD](0x0, 0xE) -> [0x120000] [0x120]
[0xE](0x0, 0xF) -> [0x121000] [0x121]
[0xF](0x0, 0x10) -> [0x122000] [0x122]
[0x10](0x0, 0x11) -> [0x123000] [0x123]
[0x11](0x0, 0x12) -> [0x124000] [0x124]
[0x12](0x0, 0x13) -> [0x125000] [0x125]
[0x13](0x0, 0x14) -> [0x126000] [0x126]
[0x14](0x0, 0x15) -> [0x127000] [0x127]
[0x15](0x0, 0x16) -> [0x128000] [0x128]
[0x16](0x0, 0x17) -> [0x129000] [0x129]
[0x17](0x0, 0x18) -> [0x12A000] [0x12A]
[0x18](0x0, 0x19) -> [0x12B000] [0x12B]
Done! out: 1000 (0/1)
@ 0x1000
Resource allocated 1000 of 25 pages (102400 bytes) for 100000 size.
Total memory usage = 100 KB
getexp returns 16 (65536 bytes) for 102368 size
Found tag with 102368 bytes available (requested 100000 bytes, leaving 2368), which has exponent: 16 (65536 bytes)
getexp returns 11 (2048 bytes) for 2336 size
Seems to be splittable: 2336 >= 2^11 .. 2048
getexp returns 11 (2048 bytes) for 2336 size
Old tag has become 100032 bytes, new tag is now 2368 bytes (11 exp)
malloc: 1020,  97, 100
------ Free pages array ---------
System memory allocated: 102400
Memory in used (malloc'ed): 100000
2i(0): 
2i(0): 
2i(0): 
2i(0): 
2i(0): 
2i(0): 
2i(0): 
2i(0): 
2i(0): 
2i(0): 
2i(0): 
2i(0): *2368 
2i(0): 
2i(0): 
2i(0): 
2i(0): 
2i(0): 
2i(0): 
2i(0): 
2i(0): 
2i(0): 
2i(0): 
2i(0): 
2i(0): 
2i(0): 
2i(0): 
2i(0): 
2i(0): 
2i(0): 
2i(0): 
2i(0): 
2i(0): 
'*' denotes a split to the left/right of a tag
getexp returns 15 (32768 bytes) for 50000 size
Allocating 13 pages...palloc called
Found!Found 13 pages
[0x0](0x0, 0x1A) -> [0x12C000] [0x12C]
[0x1](0x0, 0x1B) -> [0x12D000] [0x12D]
[0x2](0x0, 0x1C) -> [0x12E000] [0x12E]
[0x3](0x0, 0x1D) -> [0x12F000] [0x12F]
[0x4](0x0, 0x1E) -> [0x130000] [0x130]
[0x5](0x0, 0x1F) -> [0x131000] [0x131]
[0x6](0x0, 0x20) -> [0x132000] [0x132]
[0x7](0x0, 0x21) -> [0x133000] [0x133]
[0x8](0x0, 0x22) -> [0x134000] [0x134]
[0x9](0x0, 0x23) -> [0x135000] [0x135]
[0xA](0x0, 0x24) -> [0x136000] [0x136]
[0xB](0x0, 0x25) -> [0x137000] [0x137]
[0xC](0x0, 0x26) -> [0x138000] [0x138]
Done! out: 1A000 (0/1A)
@ 0x1A000
Resource allocated 1A000 of 13 pages (53248 bytes) for 50000 size.
Total memory usage = 152 KB
getexp returns 15 (32768 bytes) for 53216 size
Found tag with 53216 bytes available (requested 50000 bytes, leaving 3216), which has exponent: 15 (32768 bytes)
getexp returns 11 (2048 bytes) for 3184 size
Seems to be splittable: 3184 >= 2^11 .. 2048
getexp returns 11 (2048 bytes) for 3184 size
Old tag has become 50032 bytes, new tag is now 3216 bytes (11 exp)
malloc: 1A020,  146, 152
------ Free pages array ---------
System memory allocated: 155648
Memory in used (malloc'ed): 150000
2i(0): 
2i(0): 
2i(0): 
2i(0): 
2i(0): 
2i(0): 
2i(0): 
2i(0): 
2i(0): 
2i(0): 
2i(0): 
2i(0): *3216 *2368 
2i(0): 
2i(0): 
2i(0): 
2i(0): 
2i(0): 
2i(0): 
2i(0): 
2i(0): 
2i(0): 
2i(0): 
2i(0): 
2i(0): 
2i(0): 
2i(0): 
2i(0): 
2i(0): 
2i(0): 
2i(0): 
2i(0): 
2i(0): 
'*' denotes a split to the left/right of a tag
free: 1020, 48, 152
Melting tag right into available memory. This was was 100032, becomes 102400 (2368)
getexp returns 16 (65536 bytes) for 102368 size
Returning tag with 102400 bytes (requested 100000 bytes), which has exponent: 16
------ Free pages array ---------
System memory allocated: 155648
Memory in used (malloc'ed): 50000
2i(0): 
2i(0): 
2i(0): 
2i(0): 
2i(0): 
2i(0): 
2i(0): 
2i(0): 
2i(0): 
2i(0): 
2i(0): 
2i(0): *3216 
2i(0): 
2i(0): 
2i(0): 
2i(0): 
2i(1): 102400 
2i(0): 
2i(0): 
2i(0): 
2i(0): 
2i(0): 
2i(0): 
2i(0): 
2i(0): 
2i(0): 
2i(0): 
2i(0): 
2i(0): 
2i(0): 
2i(0): 
2i(0): 
'*' denotes a split to the left/right of a tag
free: 1A020, 0, 152
Melting tag right into available memory. This was was 50032, becomes 53248 (3216)
getexp returns 15 (32768 bytes) for 53216 size
Returning tag with 53248 bytes (requested 50000 bytes), which has exponent: 15
------ Free pages array ---------
System memory allocated: 155648
Memory in used (malloc'ed): 0
2i(0): 
2i(0): 
2i(0): 
2i(0): 
2i(0): 
2i(0): 
2i(0): 
2i(0): 
2i(0): 
2i(0): 
2i(0): 
2i(0): 
2i(0): 
2i(0): 
2i(0): 
2i(1): 53248 
2i(1): 102400 
2i(0): 
2i(0): 
2i(0): 
2i(0): 
2i(0): 
2i(0): 
2i(0): 
2i(0): 
2i(0): 
2i(0): 
2i(0): 
2i(0): 
2i(0): 
2i(0): 
2i(0): 
'*' denotes a split to the left/right of a tag
getexp returns 16 (65536 bytes) for 100000 size
Tag search found 102368 >= 100032
Found tag with 102368 bytes available (requested 100000 bytes, leaving 2368), which has exponent: 16 (65536 bytes)
getexp returns 11 (2048 bytes) for 2336 size
Seems to be splittable: 2336 >= 2^11 .. 2048
getexp returns 11 (2048 bytes) for 2336 size
Old tag has become 100032 bytes, new tag is now 2368 bytes (11 exp)
malloc: 1020,  97, 152
------ Free pages array ---------
System memory allocated: 155648
Memory in used (malloc'ed): 100000
2i(0): 
2i(0): 
2i(0): 
2i(0): 
2i(0): 
2i(0): 
2i(0): 
2i(0): 
2i(0): 
2i(0): 
2i(0): 
2i(0): *2368 
2i(0): 
2i(0): 
2i(0): 
2i(1): 53248 
2i(0): 
2i(0): 
2i(0): 
2i(0): 
2i(0): 
2i(0): 
2i(0): 
2i(0): 
2i(0): 
2i(0): 
2i(0): 
2i(0): 
2i(0): 
2i(0): 
2i(0): 
2i(0): 
'*' denotes a split to the left/right of a tag
getexp returns 15 (32768 bytes) for 50000 size
Tag search found 53216 >= 50032
Found tag with 53216 bytes available (requested 50000 bytes, leaving 3216), which has exponent: 15 (32768 bytes)
getexp returns 11 (2048 bytes) for 3184 size
Seems to be splittable: 3184 >= 2^11 .. 2048
getexp returns 11 (2048 bytes) for 3184 size
Old tag has become 50032 bytes, new tag is now 3216 bytes (11 exp)
malloc: 1A020,  146, 152
------ Free pages array ---------
System memory allocated: 155648
Memory in used (malloc'ed): 150000
2i(0): 
2i(0): 
2i(0): 
2i(0): 
2i(0): 
2i(0): 
2i(0): 
2i(0): 
2i(0): 
2i(0): 
2i(0): 
2i(0): *3216 *2368 
2i(0): 
2i(0): 
2i(0): 
2i(0): 
2i(0): 
2i(0): 
2i(0): 
2i(0): 
2i(0): 
2i(0): 
2i(0): 
2i(0): 
2i(0): 
2i(0): 
2i(0): 
2i(0): 
2i(0): 
2i(0): 
2i(0): 
2i(0): 
'*' denotes a split to the left/right of a tag
free: 1020, 48, 152
Melting tag right into available memory. This was was 100032, becomes 102400 (2368)
getexp returns 16 (65536 bytes) for 102368 size
Returning tag with 102400 bytes (requested 100000 bytes), which has exponent: 16
------ Free pages array ---------
System memory allocated: 155648
Memory in used (malloc'ed): 50000
2i(0): 
2i(0): 
2i(0): 
2i(0): 
2i(0): 
2i(0): 
2i(0): 
2i(0): 
2i(0): 
2i(0): 
2i(0): 
2i(0): *3216 
2i(0): 
2i(0): 
2i(0): 
2i(0): 
2i(1): 102400 
2i(0): 
2i(0): 
2i(0): 
2i(0): 
2i(0): 
2i(0): 
2i(0): 
2i(0): 
2i(0): 
2i(0): 
2i(0): 
2i(0): 
2i(0): 
2i(0): 
2i(0): 
'*' denotes a split to the left/right of a tag
free: 1A020, 0, 152
Melting tag right into available memory. This was was 50032, becomes 53248 (3216)
getexp returns 15 (32768 bytes) for 53216 size
Returning tag with 53248 bytes (requested 50000 bytes), which has exponent: 15
------ Free pages array ---------
System memory allocated: 155648
Memory in used (malloc'ed): 0
2i(0): 
2i(0): 
2i(0): 
2i(0): 
2i(0): 
2i(0): 
2i(0): 
2i(0): 
2i(0): 
2i(0): 
2i(0): 
2i(0): 
2i(0): 
2i(0): 
2i(0): 
2i(1): 53248 
2i(1): 102400 
2i(0): 
2i(0): 
2i(0): 
2i(0): 
2i(0): 
2i(0): 
2i(0): 
2i(0): 
2i(0): 
2i(0): 
2i(0): 
2i(0): 
2i(0): 
2i(0): 
2i(0): 
'*' denotes a split to the left/right of a tag
getexp returns 16 (65536 bytes) for 100000 size
Tag search found 102368 >= 100032
Found tag with 102368 bytes available (requested 100000 bytes, leaving 2368), which has exponent: 16 (65536 bytes)
getexp returns 11 (2048 bytes) for 2336 size
Seems to be splittable: 2336 >= 2^11 .. 2048
getexp returns 11 (2048 bytes) for 2336 size
Old tag has become 100032 bytes, new tag is now 2368 bytes (11 exp)
malloc: 1020,  97, 152
------ Free pages array ---------
System memory allocated: 155648
Memory in used (malloc'ed): 100000
2i(0): 
2i(0): 
2i(0): 
2i(0): 
2i(0): 
2i(0): 
2i(0): 
2i(0): 
2i(0): 
2i(0): 
2i(0): 
2i(0): *2368 
2i(0): 
2i(0): 
2i(0): 
2i(1): 53248 
2i(0): 
2i(0): 
2i(0): 
2i(0): 
2i(0): 
2i(0): 
2i(0): 
2i(0): 
2i(0): 
2i(0): 
2i(0): 
2i(0): 
2i(0): 
2i(0): 
2i(0): 
2i(0): 
'*' denotes a split to the left/right of a tag
getexp returns 15 (32768 bytes) for 50000 size
Tag search found 53216 >= 50032
Found tag with 53216 bytes available (requested 50000 bytes, leaving 3216), which has exponent: 15 (32768 bytes)
getexp returns 11 (2048 bytes) for 3184 size
Seems to be splittable: 3184 >= 2^11 .. 2048
getexp returns 11 (2048 bytes) for 3184 size
Old tag has become 50032 bytes, new tag is now 3216 bytes (11 exp)
malloc: 1A020,  146, 152
------ Free pages array ---------
System memory allocated: 155648
Memory in used (malloc'ed): 150000
2i(0): 
2i(0): 
2i(0): 
2i(0): 
2i(0): 
2i(0): 
2i(0): 
2i(0): 
2i(0): 
2i(0): 
2i(0): 
2i(0): *3216 *2368 
2i(0): 
2i(0): 
2i(0): 
2i(0): 
2i(0): 
2i(0): 
2i(0): 
2i(0): 
2i(0): 
2i(0): 
2i(0): 
2i(0): 
2i(0): 
2i(0): 
2i(0): 
2i(0): 
2i(0): 
2i(0): 
2i(0): 
2i(0): 
'*' denotes a split to the left/right of a tag
free: 1020, 48, 152
Melting tag right into available memory. This was was 100032, becomes 102400 (2368)
getexp returns 16 (65536 bytes) for 102368 size
Returning tag with 102400 bytes (requested 100000 bytes), which has exponent: 16
------ Free pages array ---------
System memory allocated: 155648
Memory in used (malloc'ed): 50000
2i(0): 
2i(0): 
2i(0): 
2i(0): 
2i(0): 
2i(0): 
2i(0): 
2i(0): 
2i(0): 
2i(0): 
2i(0): 
2i(0): *3216 
2i(0): 
2i(0): 
2i(0): 
2i(0): 
2i(1): 102400 
2i(0): 
2i(0): 
2i(0): 
2i(0): 
2i(0): 
2i(0): 
2i(0): 
2i(0): 
2i(0): 
2i(0): 
2i(0): 
2i(0): 
2i(0): 
2i(0): 
2i(0): 
'*' denotes a split to the left/right of a tag
free: 1A020, 0, 152
Melting tag right into available memory. This was was 50032, becomes 53248 (3216)
getexp returns 15 (32768 bytes) for 53216 size
Returning tag with 53248 bytes (requested 50000 bytes), which has exponent: 15
------ Free pages array ---------
System memory allocated: 155648
Memory in used (malloc'ed): 0
2i(0): 
2i(0): 
2i(0): 
2i(0): 
2i(0): 
2i(0): 
2i(0): 
2i(0): 
2i(0): 
2i(0): 
2i(0): 
2i(0): 
2i(0): 
2i(0): 
2i(0): 
2i(1): 53248 
2i(1): 102400 
2i(0): 
2i(0): 
2i(0): 
2i(0): 
2i(0): 
2i(0): 
2i(0): 
2i(0): 
2i(0): 
2i(0): 
2i(0): 
2i(0): 
2i(0): 
2i(0): 
2i(0): 
'*' denotes a split to the left/right of a tag
getexp returns 16 (65536 bytes) for 100000 size
Tag search found 102368 >= 100032
Found tag with 102368 bytes available (requested 100000 bytes, leaving 2368), which has exponent: 16 (65536 bytes)
getexp returns 11 (2048 bytes) for 2336 size
Seems to be splittable: 2336 >= 2^11 .. 2048
getexp returns 11 (2048 bytes) for 2336 size
Old tag has become 100032 bytes, new tag is now 2368 bytes (11 exp)
malloc: 1020,  97, 152
------ Free pages array ---------
System memory allocated: 155648
Memory in used (malloc'ed): 100000
2i(0): 
2i(0): 
2i(0): 
2i(0): 
2i(0): 
2i(0): 
2i(0): 
2i(0): 
2i(0): 
2i(0): 
2i(0): 
2i(0): *2368 
2i(0): 
2i(0): 
2i(0): 
2i(1): 53248 
2i(0): 
2i(0): 
2i(0): 
2i(0): 
2i(0): 
2i(0): 
2i(0): 
2i(0): 
2i(0): 
2i(0): 
2i(0): 
2i(0): 
2i(0): 
2i(0): 
2i(0): 
2i(0): 
'*' denotes a split to the left/right of a tag
getexp returns 15 (32768 bytes) for 50000 size
Tag search found 53216 >= 50032
Found tag with 53216 bytes available (requested 50000 bytes, leaving 3216), which has exponent: 15 (32768 bytes)
getexp returns 11 (2048 bytes) for 3184 size
Seems to be splittable: 3184 >= 2^11 .. 2048
getexp returns 11 (2048 bytes) for 3184 size
Old tag has become 50032 bytes, new tag is now 3216 bytes (11 exp)
malloc: 1A020,  146, 152
------ Free pages array ---------
System memory allocated: 155648
Memory in used (malloc'ed): 150000
2i(0): 
2i(0): 
2i(0): 
2i(0): 
2i(0): 
2i(0): 
2i(0): 
2i(0): 
2i(0): 
2i(0): 
2i(0): 
2i(0): *3216 *2368 
2i(0): 
2i(0): 
2i(0): 
2i(0): 
2i(0): 
2i(0): 
2i(0): 
2i(0): 
2i(0): 
2i(0): 
2i(0): 
2i(0): 
2i(0): 
2i(0): 
2i(0): 
2i(0): 
2i(0): 
2i(0): 
2i(0): 
2i(0): 
'*' denotes a split to the left/right of a tag
free: 1020, 48, 152
Melting tag right into available memory. This was was 100032, becomes 102400 (2368)
getexp returns 16 (65536 bytes) for 102368 size
Returning tag with 102400 bytes (requested 100000 bytes), which has exponent: 16
------ Free pages array ---------
System memory allocated: 155648
Memory in used (malloc'ed): 50000
2i(0): 
2i(0): 
2i(0): 
2i(0): 
2i(0): 
2i(0): 
2i(0): 
2i(0): 
2i(0): 
2i(0): 
2i(0): 
2i(0): *3216 
2i(0): 
2i(0): 
2i(0): 
2i(0): 
2i(1): 102400 
2i(0): 
2i(0): 
2i(0): 
2i(0): 
2i(0): 
2i(0): 
2i(0): 
2i(0): 
2i(0): 
2i(0): 
2i(0): 
2i(0): 
2i(0): 
2i(0): 
2i(0): 
'*' denotes a split to the left/right of a tag
free: 1A020, 0, 152
Melting tag right into available memory. This was was 50032, becomes 53248 (3216)
getexp returns 15 (32768 bytes) for 53216 size
Returning tag with 53248 bytes (requested 50000 bytes), which has exponent: 15
------ Free pages array ---------
System memory allocated: 155648
Memory in used (malloc'ed): 0
2i(0): 
2i(0): 
2i(0): 
2i(0): 
2i(0): 
2i(0): 
2i(0): 
2i(0): 
2i(0): 
2i(0): 
2i(0): 
2i(0): 
2i(0): 
2i(0): 
2i(0): 
2i(1): 53248 
2i(1): 102400 
2i(0): 
2i(0): 
2i(0): 
2i(0): 
2i(0): 
2i(0): 
2i(0): 
2i(0): 
2i(0): 
2i(0): 
2i(0): 
2i(0): 
2i(0): 
2i(0): 
2i(0): 
'*' denotes a split to the left/right of a tag
getexp returns 16 (65536 bytes) for 100000 size
Tag search found 102368 >= 100032
Found tag with 102368 bytes available (requested 100000 bytes, leaving 2368), which has exponent: 16 (65536 bytes)
getexp returns 11 (2048 bytes) for 2336 size
Seems to be splittable: 2336 >= 2^11 .. 2048
getexp returns 11 (2048 bytes) for 2336 size
Old tag has become 100032 bytes, new tag is now 2368 bytes (11 exp)
malloc: 1020,  97, 152
------ Free pages array ---------
System memory allocated: 155648
Memory in used (malloc'ed): 100000
2i(0): 
2i(0): 
2i(0): 
2i(0): 
2i(0): 
2i(0): 
2i(0): 
2i(0): 
2i(0): 
2i(0): 
2i(0): 
2i(0): *2368 
2i(0): 
2i(0): 
2i(0): 
2i(1): 53248 
2i(0): 
2i(0): 
2i(0): 
2i(0): 
2i(0): 
2i(0): 
2i(0): 
2i(0): 
2i(0): 
2i(0): 
2i(0): 
2i(0): 
2i(0): 
2i(0): 
2i(0): 
2i(0): 
'*' denotes a split to the left/right of a tag
getexp returns 15 (32768 bytes) for 50000 size
Tag search found 53216 >= 50032
Found tag with 53216 bytes available (requested 50000 bytes, leaving 3216), which has exponent: 15 (32768 bytes)
getexp returns 11 (2048 bytes) for 3184 size
Seems to be splittable: 3184 >= 2^11 .. 2048
getexp returns 11 (2048 bytes) for 3184 size
Old tag has become 50032 bytes, new tag is now 3216 bytes (11 exp)
malloc: 1A020,  146, 152
------ Free pages array ---------
System memory allocated: 155648
Memory in used (malloc'ed): 150000
2i(0): 
2i(0): 
2i(0): 
2i(0): 
2i(0): 
2i(0): 
2i(0): 
2i(0): 
2i(0): 
2i(0): 
2i(0): 
2i(0): *3216 *2368 
2i(0): 
2i(0): 
2i(0): 
2i(0): 
2i(0): 
2i(0): 
2i(0): 
2i(0): 
2i(0): 
2i(0): 
2i(0): 
2i(0): 
2i(0): 
2i(0): 
2i(0): 
2i(0): 
2i(0): 
2i(0): 
2i(0): 
2i(0): 
'*' denotes a split to the left/right of a tag
free: 1020, 48, 152
Melting tag right into available memory. This was was 100032, becomes 102400 (2368)
getexp returns 16 (65536 bytes) for 102368 size
Returning tag with 102400 bytes (requested 100000 bytes), which has exponent: 16
------ Free pages array ---------
System memory allocated: 155648
Memory in used (malloc'ed): 50000
2i(0): 
2i(0): 
2i(0): 
2i(0): 
2i(0): 
2i(0): 
2i(0): 
2i(0): 
2i(0): 
2i(0): 
2i(0): 
2i(0): *3216 
2i(0): 
2i(0): 
2i(0): 
2i(0): 
2i(1): 102400 
2i(0): 
2i(0): 
2i(0): 
2i(0): 
2i(0): 
2i(0): 
2i(0): 
2i(0): 
2i(0): 
2i(0): 
2i(0): 
2i(0): 
2i(0): 
2i(0): 
2i(0): 
'*' denotes a split to the left/right of a tag
free: 1A020, 0, 152
Melting tag right into available memory. This was was 50032, becomes 53248 (3216)
getexp returns 15 (32768 bytes) for 53216 size
Returning tag with 53248 bytes (requested 50000 bytes), which has exponent: 15
------ Free pages array ---------
System memory allocated: 155648
Memory in used (malloc'ed): 0
2i(0): 
2i(0): 
2i(0): 
2i(0): 
2i(0): 
2i(0): 
2i(0): 
2i(0): 
2i(0): 
2i(0): 
2i(0): 
2i(0): 
2i(0): 
2i(0): 
2i(0): 
2i(1): 53248 
2i(1): 102400 
2i(0): 
2i(0): 
2i(0): 
2i(0): 
2i(0): 
2i(0): 
2i(0): 
2i(0): 
2i(0): 
2i(0): 
2i(0): 
2i(0): 
2i(0): 
2i(0): 
2i(0): 
'*' denotes a split to the left/right of a tag
getexp returns 16 (65536 bytes) for 100000 size
Tag search found 102368 >= 100032
Found tag with 102368 bytes available (requested 100000 bytes, leaving 2368), which has exponent: 16 (65536 bytes)
getexp returns 11 (2048 bytes) for 2336 size
Seems to be splittable: 2336 >= 2^11 .. 2048
getexp returns 11 (2048 bytes) for 2336 size
Old tag has become 100032 bytes, new tag is now 2368 bytes (11 exp)
malloc: 1020,  97, 152
------ Free pages array ---------
System memory allocated: 155648
Memory in used (malloc'ed): 100000
2i(0): 
2i(0): 
2i(0): 
2i(0): 
2i(0): 
2i(0): 
2i(0): 
2i(0): 
2i(0): 
2i(0): 
2i(0): 
2i(0): *2368 
2i(0): 
2i(0): 
2i(0): 
2i(1): 53248 
2i(0): 
2i(0): 
2i(0): 
2i(0): 
2i(0): 
2i(0): 
2i(0): 
2i(0): 
2i(0): 
2i(0): 
2i(0): 
2i(0): 
2i(0): 
2i(0): 
2i(0): 
2i(0): 
'*' denotes a split to the left/right of a tag
getexp returns 15 (32768 bytes) for 50000 size
Tag search found 53216 >= 50032
Found tag with 53216 bytes available (requested 50000 bytes, leaving 3216), which has exponent: 15 (32768 bytes)
getexp returns 11 (2048 bytes) for 3184 size
Seems to be splittable: 3184 >= 2^11 .. 2048
getexp returns 11 (2048 bytes) for 3184 size
Old tag has become 50032 bytes, new tag is now 3216 bytes (11 exp)
malloc: 1A020,  146, 152
------ Free pages array ---------
System memory allocated: 155648
Memory in used (malloc'ed): 150000
2i(0): 
2i(0): 
2i(0): 
2i(0): 
2i(0): 
2i(0): 
2i(0): 
2i(0): 
2i(0): 
2i(0): 
2i(0): 
2i(0): *3216 *2368 
2i(0): 
2i(0): 
2i(0): 
2i(0): 
2i(0): 
2i(0): 
2i(0): 
2i(0): 
2i(0): 
2i(0): 
2i(0): 
2i(0): 
2i(0): 
2i(0): 
2i(0): 
2i(0): 
2i(0): 
2i(0): 
2i(0): 
2i(0): 
'*' denotes a split to the left/right of a tag
free: 1020, 48, 152
Melting tag right into available memory. This was was 100032, becomes 102400 (2368)
getexp returns 16 (65536 bytes) for 102368 size
Returning tag with 102400 bytes (requested 100000 bytes), which has exponent: 16
------ Free pages array ---------
System memory allocated: 155648
Memory in used (malloc'ed): 50000
2i(0): 
2i(0): 
2i(0): 
2i(0): 
2i(0): 
2i(0): 
2i(0): 
2i(0): 
2i(0): 
2i(0): 
2i(0): 
2i(0): *3216 
2i(0): 
2i(0): 
2i(0): 
2i(0): 
2i(1): 102400 
2i(0): 
2i(0): 
2i(0): 
2i(0): 
2i(0): 
2i(0): 
2i(0): 
2i(0): 
2i(0): 
2i(0): 
2i(0): 
2i(0): 
2i(0): 
2i(0): 
2i(0): 
'*' denotes a split to the left/right of a tag
free: 1A020, 0, 152
Melting tag right into available memory. This was was 50032, becomes 53248 (3216)
getexp returns 15 (32768 bytes) for 53216 size
Returning tag with 53248 bytes (requested 50000 bytes), which has exponent: 15
------ Free pages array ---------
System memory allocated: 155648
Memory in used (malloc'ed): 0
2i(0): 
2i(0): 
2i(0): 
2i(0): 
2i(0): 
2i(0): 
2i(0): 
2i(0): 
2i(0): 
2i(0): 
2i(0): 
2i(0): 
2i(0): 
2i(0): 
2i(0): 
2i(1): 53248 
2i(1): 102400 
2i(0): 
2i(0): 
2i(0): 
2i(0): 
2i(0): 
2i(0): 
2i(0): 
2i(0): 
2i(0): 
2i(0): 
2i(0): 
2i(0): 
2i(0): 
2i(0): 
2i(0): 
'*' denotes a split to the left/right of a tag
getexp returns 16 (65536 bytes) for 100000 size
Tag search found 102368 >= 100032
Found tag with 102368 bytes available (requested 100000 bytes, leaving 2368), which has exponent: 16 (65536 bytes)
getexp returns 11 (2048 bytes) for 2336 size
Seems to be splittable: 2336 >= 2^11 .. 2048
getexp returns 11 (2048 bytes) for 2336 size
Old tag has become 100032 bytes, new tag is now 2368 bytes (11 exp)
malloc: 1020,  97, 152
------ Free pages array ---------
System memory allocated: 155648
Memory in used (malloc'ed): 100000
2i(0): 
2i(0): 
2i(0): 
2i(0): 
2i(0): 
2i(0): 
2i(0): 
2i(0): 
2i(0): 
2i(0): 
2i(0): 
2i(0): *2368 
2i(0): 
2i(0): 
2i(0): 
2i(1): 53248 
2i(0): 
2i(0): 
2i(0): 
2i(0): 
2i(0): 
2i(0): 
2i(0): 
2i(0): 
2i(0): 
2i(0): 
2i(0): 
2i(0): 
2i(0): 
2i(0): 
2i(0): 
2i(0): 
'*' denotes a split to the left/right of a tag
getexp returns 15 (32768 bytes) for 50000 size
Tag search found 53216 >= 50032
Found tag with 53216 bytes available (requested 50000 bytes, leaving 3216), which has exponent: 15 (32768 bytes)
getexp returns 11 (2048 bytes) for 3184 size
Seems to be splittable: 3184 >= 2^11 .. 2048
getexp returns 11 (2048 bytes) for 3184 size
Old tag has become 50032 bytes, new tag is now 3216 bytes (11 exp)
malloc: 1A020,  146, 152
------ Free pages array ---------
System memory allocated: 155648
Memory in used (malloc'ed): 150000
2i(0): 
2i(0): 
2i(0): 
2i(0): 
2i(0): 
2i(0): 
2i(0): 
2i(0): 
2i(0): 
2i(0): 
2i(0): 
2i(0): *3216 *2368 
2i(0): 
2i(0): 
2i(0): 
2i(0): 
2i(0): 
2i(0): 
2i(0): 
2i(0): 
2i(0): 
2i(0): 
2i(0): 
2i(0): 
2i(0): 
2i(0): 
2i(0): 
2i(0): 
2i(0): 
2i(0): 
2i(0): 
2i(0): 
'*' denotes a split to the left/right of a tag
free: 1020, 48, 152
Melting tag right into available memory. This was was 100032, becomes 102400 (2368)
getexp returns 16 (65536 bytes) for 102368 size
Returning tag with 102400 bytes (requested 100000 bytes), which has exponent: 16
------ Free pages array ---------
System memory allocated: 155648
Memory in used (malloc'ed): 50000
2i(0): 
2i(0): 
2i(0): 
2i(0): 
2i(0): 
2i(0): 
2i(0): 
2i(0): 
2i(0): 
2i(0): 
2i(0): 
2i(0): *3216 
2i(0): 
2i(0): 
2i(0): 
2i(0): 
2i(1): 102400 
2i(0): 
2i(0): 
2i(0): 
2i(0): 
2i(0): 
2i(0): 
2i(0): 
2i(0): 
2i(0): 
2i(0): 
2i(0): 
2i(0): 
2i(0): 
2i(0): 
2i(0): 
'*' denotes a split to the left/right of a tag
free: 1A020, 0, 152
Melting tag right into available memory. This was was 50032, becomes 53248 (3216)
getexp returns 15 (32768 bytes) for 53216 size
Returning tag with 53248 bytes (requested 50000 bytes), which has exponent: 15
------ Free pages array ---------
System memory allocated: 155648
Memory in used (malloc'ed): 0
2i(0): 
2i(0): 
2i(0): 
2i(0): 
2i(0): 
2i(0): 
2i(0): 
2i(0): 
2i(0): 
2i(0): 
2i(0): 
2i(0): 
2i(0): 
2i(0): 
2i(0): 
2i(1): 53248 
2i(1): 102400 
2i(0): 
2i(0): 
2i(0): 
2i(0): 
2i(0): 
2i(0): 
2i(0): 
2i(0): 
2i(0): 
2i(0): 
2i(0): 
2i(0): 
2i(0): 
2i(0): 
2i(0): 
'*' denotes a split to the left/right of a tag
getexp returns 16 (65536 bytes) for 100000 size
Tag search found 102368 >= 100032
Found tag with 102368 bytes available (requested 100000 bytes, leaving 2368), which has exponent: 16 (65536 bytes)
getexp returns 11 (2048 bytes) for 2336 size
Seems to be splittable: 2336 >= 2^11 .. 2048
getexp returns 11 (2048 bytes) for 2336 size
Old tag has become 100032 bytes, new tag is now 2368 bytes (11 exp)
malloc: 1020,  97, 152
------ Free pages array ---------
System memory allocated: 155648
Memory in used (malloc'ed): 100000
2i(0): 
2i(0): 
2i(0): 
2i(0): 
2i(0): 
2i(0): 
2i(0): 
2i(0): 
2i(0): 
2i(0): 
2i(0): 
2i(0): *2368 
2i(0): 
2i(0): 
2i(0): 
2i(1): 53248 
2i(0): 
2i(0): 
2i(0): 
2i(0): 
2i(0): 
2i(0): 
2i(0): 
2i(0): 
2i(0): 
2i(0): 
2i(0): 
2i(0): 
2i(0): 
2i(0): 
2i(0): 
2i(0): 
'*' denotes a split to the left/right of a tag
getexp returns 15 (32768 bytes) for 50000 size
Tag search found 53216 >= 50032
Found tag with 53216 bytes available (requested 50000 bytes, leaving 3216), which has exponent: 15 (32768 bytes)
getexp returns 11 (2048 bytes) for 3184 size
Seems to be splittable: 3184 >= 2^11 .. 2048
getexp returns 11 (2048 bytes) for 3184 size
Old tag has become 50032 bytes, new tag is now 3216 bytes (11 exp)
malloc: 1A020,  146, 152
------ Free pages array ---------
System memory allocated: 155648
Memory in used (malloc'ed): 150000
2i(0): 
2i(0): 
2i(0): 
2i(0): 
2i(0): 
2i(0): 
2i(0): 
2i(0): 
2i(0): 
2i(0): 
2i(0): 
2i(0): *3216 *2368 
2i(0): 
2i(0): 
2i(0): 
2i(0): 
2i(0): 
2i(0): 
2i(0): 
2i(0): 
2i(0): 
2i(0): 
2i(0): 
2i(0): 
2i(0): 
2i(0): 
2i(0): 
2i(0): 
2i(0): 
2i(0): 
2i(0): 
2i(0): 
'*' denotes a split to the left/right of a tag
free: 1020, 48, 152
Melting tag right into available memory. This was was 100032, becomes 102400 (2368)
getexp returns 16 (65536 bytes) for 102368 size
Returning tag with 102400 bytes (requested 100000 bytes), which has exponent: 16
------ Free pages array ---------
System memory allocated: 155648
Memory in used (malloc'ed): 50000
2i(0): 
2i(0): 
2i(0): 
2i(0): 
2i(0): 
2i(0): 
2i(0): 
2i(0): 
2i(0): 
2i(0): 
2i(0): 
2i(0): *3216 
2i(0): 
2i(0): 
2i(0): 
2i(0): 
2i(1): 102400 
2i(0): 
2i(0): 
2i(0): 
2i(0): 
2i(0): 
2i(0): 
2i(0): 
2i(0): 
2i(0): 
2i(0): 
2i(0): 
2i(0): 
2i(0): 
2i(0): 
2i(0): 
'*' denotes a split to the left/right of a tag
free: 1A020, 0, 152
Melting tag right into available memory. This was was 50032, becomes 53248 (3216)
getexp returns 15 (32768 bytes) for 53216 size
Returning tag with 53248 bytes (requested 50000 bytes), which has exponent: 15
------ Free pages array ---------
System memory allocated: 155648
Memory in used (malloc'ed): 0
2i(0): 
2i(0): 
2i(0): 
2i(0): 
2i(0): 
2i(0): 
2i(0): 
2i(0): 
2i(0): 
2i(0): 
2i(0): 
2i(0): 
2i(0): 
2i(0): 
2i(0): 
2i(1): 53248 
2i(1): 102400 
2i(0): 
2i(0): 
2i(0): 
2i(0): 
2i(0): 
2i(0): 
2i(0): 
2i(0): 
2i(0): 
2i(0): 
2i(0): 
2i(0): 
2i(0): 
2i(0): 
2i(0): 
'*' denotes a split to the left/right of a tag
getexp returns 16 (65536 bytes) for 100000 size
Tag search found 102368 >= 100032
Found tag with 102368 bytes available (requested 100000 bytes, leaving 2368), which has exponent: 16 (65536 bytes)
getexp returns 11 (2048 bytes) for 2336 size
Seems to be splittable: 2336 >= 2^11 .. 2048
getexp returns 11 (2048 bytes) for 2336 size
Old tag has become 100032 bytes, new tag is now 2368 bytes (11 exp)
malloc: 1020,  97, 152
------ Free pages array ---------
System memory allocated: 155648
Memory in used (malloc'ed): 100000
2i(0): 
2i(0): 
2i(0): 
2i(0): 
2i(0): 
2i(0): 
2i(0): 
2i(0): 
2i(0): 
2i(0): 
2i(0): 
2i(0): *2368 
2i(0): 
2i(0): 
2i(0): 
2i(1): 53248 
2i(0): 
2i(0): 
2i(0): 
2i(0): 
2i(0): 
2i(0): 
2i(0): 
2i(0): 
2i(0): 
2i(0): 
2i(0): 
2i(0): 
2i(0): 
2i(0): 
2i(0): 
2i(0): 
'*' denotes a split to the left/right of a tag
getexp returns 15 (32768 bytes) for 50000 size
Tag search found 53216 >= 50032
Found tag with 53216 bytes available (requested 50000 bytes, leaving 3216), which has exponent: 15 (32768 bytes)
getexp returns 11 (2048 bytes) for 3184 size
Seems to be splittable: 3184 >= 2^11 .. 2048
getexp returns 11 (2048 bytes) for 3184 size
Old tag has become 50032 bytes, new tag is now 3216 bytes (11 exp)
malloc: 1A020,  146, 152
------ Free pages array ---------
System memory allocated: 155648
Memory in used (malloc'ed): 150000
2i(0): 
2i(0): 
2i(0): 
2i(0): 
2i(0): 
2i(0): 
2i(0): 
2i(0): 
2i(0): 
2i(0): 
2i(0): 
2i(0): *3216 *2368 
2i(0): 
2i(0): 
2i(0): 
2i(0): 
2i(0): 
2i(0): 
2i(0): 
2i(0): 
2i(0): 
2i(0): 
2i(0): 
2i(0): 
2i(0): 
2i(0): 
2i(0): 
2i(0): 
2i(0): 
2i(0): 
2i(0): 
2i(0): 
'*' denotes a split to the left/right of a tag
free: 1020, 48, 152
Melting tag right into available memory. This was was 100032, becomes 102400 (2368)
getexp returns 16 (65536 bytes) for 102368 size
Returning tag with 102400 bytes (requested 100000 bytes), which has exponent: 16
------ Free pages array ---------
System memory allocated: 155648
Memory in used (malloc'ed): 50000
2i(0): 
2i(0): 
2i(0): 
2i(0): 
2i(0): 
2i(0): 
2i(0): 
2i(0): 
2i(0): 
2i(0): 
2i(0): 
2i(0): *3216 
2i(0): 
2i(0): 
2i(0): 
2i(0): 
2i(1): 102400 
2i(0): 
2i(0): 
2i(0): 
2i(0): 
2i(0): 
2i(0): 
2i(0): 
2i(0): 
2i(0): 
2i(0): 
2i(0): 
2i(0): 
2i(0): 
2i(0): 
2i(0): 
'*' denotes a split to the left/right of a tag
free: 1A020, 0, 152
Melting tag right into available memory. This was was 50032, becomes 53248 (3216)
getexp returns 15 (32768 bytes) for 53216 size
Returning tag with 53248 bytes (requested 50000 bytes), which has exponent: 15
------ Free pages array ---------
System memory allocated: 155648
Memory in used (malloc'ed): 0
2i(0): 
2i(0): 
2i(0): 
2i(0): 
2i(0): 
2i(0): 
2i(0): 
2i(0): 
2i(0): 
2i(0): 
2i(0): 
2i(0): 
2i(0): 
2i(0): 
2i(0): 
2i(1): 53248 
2i(1): 102400 
2i(0): 
2i(0): 
2i(0): 
2i(0): 
2i(0): 
2i(0): 
2i(0): 
2i(0): 
2i(0): 
2i(0): 
2i(0): 
2i(0): 
2i(0): 
2i(0): 
2i(0): 
'*' denotes a split to the left/right of a tag
getexp returns 16 (65536 bytes) for 100000 size
Tag search found 102368 >= 100032
Found tag with 102368 bytes available (requested 100000 bytes, leaving 2368), which has exponent: 16 (65536 bytes)
getexp returns 11 (2048 bytes) for 2336 size
Seems to be splittable: 2336 >= 2^11 .. 2048
getexp returns 11 (2048 bytes) for 2336 size
Old tag has become 100032 bytes, new tag is now 2368 bytes (11 exp)
malloc: 1020,  97, 152
------ Free pages array ---------
System memory allocated: 155648
Memory in used (malloc'ed): 100000
2i(0): 
2i(0): 
2i(0): 
2i(0): 
2i(0): 
2i(0): 
2i(0): 
2i(0): 
2i(0): 
2i(0): 
2i(0): 
2i(0): *2368 
2i(0): 
2i(0): 
2i(0): 
2i(1): 53248 
2i(0): 
2i(0): 
2i(0): 
2i(0): 
2i(0): 
2i(0): 
2i(0): 
2i(0): 
2i(0): 
2i(0): 
2i(0): 
2i(0): 
2i(0): 
2i(0): 
2i(0): 
2i(0): 
'*' denotes a split to the left/right of a tag
getexp returns 15 (32768 bytes) for 50000 size
Tag search found 53216 >= 50032
Found tag with 53216 bytes available (requested 50000 bytes, leaving 3216), which has exponent: 15 (32768 bytes)
getexp returns 11 (2048 bytes) for 3184 size
Seems to be splittable: 3184 >= 2^11 .. 2048
getexp returns 11 (2048 bytes) for 3184 size
Old tag has become 50032 bytes, new tag is now 3216 bytes (11 exp)
malloc: 1A020,  146, 152
------ Free pages array ---------
System memory allocated: 155648
Memory in used (malloc'ed): 150000
2i(0): 
2i(0): 
2i(0): 
2i(0): 
2i(0): 
2i(0): 
2i(0): 
2i(0): 
2i(0): 
2i(0): 
2i(0): 
2i(0): *3216 *2368 
2i(0): 
2i(0): 
2i(0): 
2i(0): 
2i(0): 
2i(0): 
2i(0): 
2i(0): 
2i(0): 
2i(0): 
2i(0): 
2i(0): 
2i(0): 
2i(0): 
2i(0): 
2i(0): 
2i(0): 
2i(0): 
2i(0): 
2i(0): 
'*' denotes a split to the left/right of a tag
free: 1020, 48, 152
Melting tag right into available memory. This was was 100032, becomes 102400 (2368)
getexp returns 16 (65536 bytes) for 102368 size
Returning tag with 102400 bytes (requested 100000 bytes), which has exponent: 16
------ Free pages array ---------
System memory allocated: 155648
Memory in used (malloc'ed): 50000
2i(0): 
2i(0): 
2i(0): 
2i(0): 
2i(0): 
2i(0): 
2i(0): 
2i(0): 
2i(0): 
2i(0): 
2i(0): 
2i(0): *3216 
2i(0): 
2i(0): 
2i(0): 
2i(0): 
2i(1): 102400 
2i(0): 
2i(0): 
2i(0): 
2i(0): 
2i(0): 
2i(0): 
2i(0): 
2i(0): 
2i(0): 
2i(0): 
2i(0): 
2i(0): 
2i(0): 
2i(0): 
2i(0): 
'*' denotes a split to the left/right of a tag
free: 1A020, 0, 152
Melting tag right into available memory. This was was 50032, becomes 53248 (3216)
getexp returns 15 (32768 bytes) for 53216 size
Returning tag with 53248 bytes (requested 50000 bytes), which has exponent: 15
------ Free pages array ---------
System memory allocated: 155648
Memory in used (malloc'ed): 0
2i(0): 
2i(0): 
2i(0): 
2i(0): 
2i(0): 
2i(0): 
2i(0): 
2i(0): 
2i(0): 
2i(0): 
2i(0): 
2i(0): 
2i(0): 
2i(0): 
2i(0): 
2i(1): 53248 
2i(1): 102400 
2i(0): 
2i(0): 
2i(0): 
2i(0): 
2i(0): 
2i(0): 
2i(0): 
2i(0): 
2i(0): 
2i(0): 
2i(0): 
2i(0): 
2i(0): 
2i(0): 
2i(0): 
'*' denotes a split to the left/right of a tag
